<?xml version="1.0" encoding="UTF-8"?>
<!-- Generated by org.testng.reporters.JUnitReportReporter -->
<testsuite hostname="DESKTOP-M02POL9" failures="0" tests="1" name="MyTestCases" time="10.750" errors="0" timestamp="2023-04-15T23:36:28 EEST" skipped="0">
  <testcase classname="MyTestCases" name="ClickonAllDigits" time="10.750"/>
  <system-out/>
</testsuite> <!-- MyTestCases -->
